<?xml version="1.0" encoding="utf-8" standalone="no"?>
<!--This file represents the results of running a test suite-->
<test-results name="C:\Users\tilottama.gaat\Documents\Visual Studio 2012\Projects\ConsoleApplication1\ConsoleApplication1\bin\Debug\ConsoleApplication1.exe" total="2" errors="0" failures="0" not-run="0" inconclusive="0" ignored="0" skipped="0" invalid="0" date="2014-05-26" time="23:37:50">
  <environment nunit-version="2.6.3.13283" clr-version="2.0.50727.6413" os-version="Microsoft Windows NT 6.2.9200.0" platform="Win32NT" cwd="C:\Program Files (x86)\NUnit 2.6.3\bin" machine-name="MTL21XBKX1" user="tilottama.gaat" user-domain="RACKSPACE" />
  <culture-info current-culture="en-US" current-uiculture="en-US" />
  <test-suite type="Assembly" name="C:\Users\tilottama.gaat\Documents\Visual Studio 2012\Projects\ConsoleApplication1\ConsoleApplication1\bin\Debug\ConsoleApplication1.exe" executed="True" result="Success" success="True" time="0.033" asserts="0">
    <results>
      <test-suite type="Namespace" name="ProgrammingProblems" executed="True" result="Success" success="True" time="0.032" asserts="0">
        <results>
          <test-suite type="TestFixture" name="PrefixTreeTests" executed="True" result="Success" success="True" time="0.032" asserts="0">
            <results>
              <test-case name="ProgrammingProblems.PrefixTreeTests.TestContainsWorksAsExpected" executed="True" result="Success" success="True" time="0.015" asserts="4" />
              <test-case name="ProgrammingProblems.PrefixTreeTests.TestGetPrefixesAsExpected" executed="True" result="Success" success="True" time="0.010" asserts="6" />
            </results>
          </test-suite>
        </results>
      </test-suite>
    </results>
  </test-suite>
</test-results>